<?xml version="1.0" encoding="UTF-8"?>
<!-- Generated by org.testng.reporters.JUnitReportReporter -->
<testsuite hostname="localhost" name="runcase.Main" tests="1" failures="0" timestamp="29 Nov 2017 09:11:51 GMT" time="26.676" errors="0">
  <testcase name="testLogin" time="26.676" classname="runcase.Main"/>
</testsuite> <!-- runcase.Main -->
